Starting Dynare (version 6.0).
Calling Dynare with arguments: none
Starting preprocessing of the model file ... 
Found 9 equation(s). 
Evaluating expressions... 
Computing static model derivatives (order 1). 
Normalizing the static model... 
Finding the optimal block decomposition of the static model... 
4 block(s) found: 
  3 recursive block(s) and 1 simultaneous block(s). 
  the largest simultaneous block has 5 equation(s) 
                                 and 5 feedback variable(s). 
Computing dynamic model derivatives (order 1). 
Normalizing the dynamic model... 
Finding the optimal block decomposition of the dynamic model... 
4 block(s) found: 
  3 recursive block(s) and 1 simultaneous block(s). 
  the largest simultaneous block has 5 equation(s) 
                                 and 5 feedback variable(s). 
Preprocessing completed. 
Preprocessing time: 0h00m00s.

title_string =

    'Economy with indivisible labor'

[Warning: Some of the parameters have no value (B) when using steady. If these parameters are not initialized in a steadystate file or a
steady_state_model-block, Dynare may not be able to solve the model. Note that simul, perfect_foresight_setup, and
perfect_foresight_solver do not automatically call the steady state file.] 

STEADY-STATE RESULTS:

c            		 0.832039
w            		 2.3706
r            		 0.035101
y            		 1.11894
h            		 0.302084
k            		 11.476
invest       		 0.286899
lambda       		 1
productivity 		 3.70406

EIGENVALUES:
         Modulus             Real        Imaginary
          0.9418           0.9418                0
            0.95             0.95                0
           1.073            1.073                0
       3.212e+16       -3.212e+16                0

There are 2 eigenvalue(s) larger than 1 in modulus for 2 forward-looking variable(s)
The rank condition is verified.


STEADY-STATE RESULTS:

c            		 0.832039
w            		 2.3706
r            		 0.035101
y            		 1.11894
h            		 0.302084
k            		 11.476
invest       		 0.286899
lambda       		 1
productivity 		 3.70406

MODEL SUMMARY

  Number of variables:         9
  Number of stochastic shocks: 1
  Number of state variables:   2
  Number of jumpers:           2
  Number of static variables:  5


MATRIX OF COVARIANCE OF EXOGENOUS SHOCKS
Variables       eps_a
eps_a        0.000051

POLICY AND TRANSITION FUNCTIONS
                                   log(y)               log(c)          log(invest)               log(k)               log(h)    log(productivity)               log(w)
Constant                         0.112380            -0.183876            -1.248625             2.440254            -1.197049             1.309429             0.863142
log(k(-1))                       0.054955             0.531588            -1.327334             0.941817            -0.476633             0.531588             0.531588
log(lambda(-1))                  1.844648             0.446761             5.898676             0.147467             1.397887             0.446761             0.446761
eps_a                            1.941734             0.470274             6.209133             0.155228             1.471460             0.470274             0.470274


THEORETICAL MOMENTS (HP filter, lambda = 1600)
VARIABLE                  MEAN  STD. DEV.   VARIANCE
log(y)                  0.1124     0.0180     0.0003
log(c)                 -0.1839     0.0052     0.0000
log(invest)            -1.2486     0.0576     0.0033
log(k)                  2.4403     0.0050     0.0000
log(h)                 -1.1970     0.0137     0.0002
log(productivity)       1.3094     0.0052     0.0000
log(w)                  0.8631     0.0052     0.0000



MATRIX OF CORRELATIONS (HP filter, lambda = 1600)
Variables                       log(y)             log(c)        log(invest)             log(k)             log(h)  log(productivity)             log(w)
log(y)                          1.0000             0.8690             0.9914             0.3546             0.9820             0.8690             0.8690
log(c)                          0.8690             1.0000             0.7969             0.7709             0.7598             1.0000             1.0000
log(invest)                     0.9914             0.7969             1.0000             0.2295             0.9982             0.7969             0.7969
log(k)                          0.3546             0.7709             0.2295             1.0000             0.1716             0.7709             0.7709
log(h)                          0.9820             0.7598             0.9982             0.1716             1.0000             0.7598             0.7598
log(productivity)               0.8690             1.0000             0.7969             0.7709             0.7598             1.0000             1.0000
log(w)                          0.8690             1.0000             0.7969             0.7709             0.7598             1.0000             1.0000



COEFFICIENTS OF AUTOCORRELATION (HP filter, lambda = 1600)
Order                      1        2        3        4        5
log(y)                0.7149   0.4737   0.2740   0.1128  -0.0136
log(c)                0.8200   0.6395   0.4660   0.3052   0.1609
log(invest)           0.7047   0.4577   0.2555   0.0942  -0.0305
log(k)                0.9581   0.8572   0.7181   0.5579   0.3902
log(h)                0.7030   0.4549   0.2523   0.0910  -0.0334
log(productivity)     0.8200   0.6395   0.4660   0.3052   0.1609
log(w)                0.8200   0.6395   0.4660   0.3052   0.1609

MODEL SUMMARY

  Number of variables:         9
  Number of stochastic shocks: 1
  Number of state variables:   2
  Number of jumpers:           2
  Number of static variables:  5


MATRIX OF COVARIANCE OF EXOGENOUS SHOCKS
Variables       eps_a
eps_a        0.000051

POLICY AND TRANSITION FUNCTIONS
                                   log(y)               log(c)          log(invest)               log(h)    log(productivity)               log(w)
Constant                         0.112380            -0.183876            -1.248625            -1.197049             1.309429             0.863142
log(k(-1))                       0.054955             0.531588            -1.327334            -0.476633             0.531588             0.531588
log(lambda(-1))                  1.844648             0.446761             5.898676             1.397887             0.446761             0.446761
eps_a                            1.941734             0.470274             6.209133             1.471460             0.470274             0.470274


MOMENTS OF SIMULATED VARIABLES (HP filter, lambda = 1600)
VARIABLE                       MEAN       STD. DEV.        VARIANCE        SKEWNESS        KURTOSIS
log(y)                     0.081089        0.016597        0.000275        0.126643        0.075438
log(c)                    -0.207503        0.004776        0.000023        0.219863       -0.412487
log(invest)               -1.302140        0.053021        0.002811        0.095258        0.176738
log(h)                    -1.204712        0.012625        0.000159        0.080291        0.213119
log(productivity)          1.285802        0.004776        0.000023        0.219863       -0.412487
log(w)                     0.839515        0.004776        0.000023        0.219863       -0.412487


CORRELATION OF SIMULATED VARIABLES (HP filter, lambda = 1600)
VARIABLE                        y             c        invest             h  productivity             w
log(y)                     1.0000        0.8761        0.9920        0.9832        0.8761        0.8761
log(c)                     0.8761        1.0000        0.8084        0.7735        1.0000        1.0000
log(invest)                0.9920        0.8084        1.0000        0.9984        0.8084        0.8084
log(h)                     0.9832        0.7735        0.9984        1.0000        0.7735        0.7735
log(productivity)          0.8761        1.0000        0.8084        0.7735        1.0000        1.0000
log(w)                     0.8761        1.0000        0.8084        0.7735        1.0000        1.0000


AUTOCORRELATION OF SIMULATED VARIABLES (HP filter, lambda = 1600)
VARIABLE                   1        2        3        4        5
log(y)                0.6547   0.3394   0.0626  -0.0017  -0.0851
log(c)                0.7708   0.5333   0.2990   0.1881   0.0732
log(invest)           0.6432   0.3200   0.0403  -0.0180  -0.0987
log(h)                0.6409   0.3160   0.0362  -0.0204  -0.1005
log(productivity)     0.7708   0.5333   0.2990   0.1881   0.0732
log(w)                0.7708   0.5333   0.2990   0.1881   0.0732

Economy with indivisible labor           
                     	      std(x) 	   corr(y,x) 
output               	 1.78 (0.17) 	 1.00 (0.00) 
consumption          	 0.51 (0.06) 	 0.87 (0.02) 
investment           	 5.67 (0.54) 	 0.99 (0.00) 
hours                	 1.35 (0.13) 	 0.98 (0.00) 
Productivity         	 0.51 (0.06) 	 0.87 (0.02) 

Relative Standard Deviations             
                     	 std(x)/std(y) 
consumption          	 0.29 (0.01) 
investment           	 3.20 (0.02) 
hours                	 0.76 (0.00) 
Productivity         	 0.29 (0.01) 

Correlation of h and w, Relative Std of h and w 
Variable             	   corr(h,w) 	 std(h)/std(w) 
h, w                 	 0.77 (0.03) 	 2.64 (0.13) 
Total computing time : 0h00m17s
Note: warning(s) encountered in MATLAB/Octave code
