Starting Dynare (version 6.0).
Calling Dynare with arguments: none
Starting preprocessing of the model file ... 
Found 11 equation(s). 
Evaluating expressions... 
Computing static model derivatives (order 1). 
Normalizing the static model... 
Finding the optimal block decomposition of the static model... 
4 block(s) found: 
  3 recursive block(s) and 1 simultaneous block(s). 
  the largest simultaneous block has 7 equation(s) 
                                 and 7 feedback variable(s). 
Computing dynamic model derivatives (order 1). 
Normalizing the dynamic model... 
Finding the optimal block decomposition of the dynamic model... 
4 block(s) found: 
  3 recursive block(s) and 1 simultaneous block(s). 
  the largest simultaneous block has 7 equation(s) 
                                 and 7 feedback variable(s). 
Preprocessing completed. 
Preprocessing time: 0h00m00s.

title_string =

    'Economy with non separable leisure'


STEADY-STATE RESULTS:

c            		 1.67387
w            		 2.3706
r            		 0.035101
y            		 2.25105
h            		 0.607724
k            		 23.087
invest       		 0.577175
lambda       		 1
productivity 		 3.70406
L            		 0.392276
x            		 6.07724

EIGENVALUES:
         Modulus             Real        Imaginary
           0.789            0.789                0
            0.95             0.95                0
          0.9609           0.9609                0
           1.054            1.054                0
       3.129e+18        3.129e+18                0

There are 2 eigenvalue(s) larger than 1 in modulus for 2 forward-looking variable(s)
The rank condition is verified.


STEADY-STATE RESULTS:

c            		 1.67387
w            		 2.3706
r            		 0.035101
y            		 2.25105
h            		 0.607724
k            		 23.087
invest       		 0.577175
lambda       		 1
productivity 		 3.70406
L            		 0.392276
x            		 6.07724

MODEL SUMMARY

  Number of variables:         11
  Number of stochastic shocks: 1
  Number of state variables:   3
  Number of jumpers:           2
  Number of static variables:  6


MATRIX OF COVARIANCE OF EXOGENOUS SHOCKS
Variables       eps_a
eps_a        0.000049

POLICY AND TRANSITION FUNCTIONS
                                   log(y)               log(c)          log(invest)               log(k)               log(h)    log(productivity)               log(w)
Constant                         0.811395             0.515139            -0.549610             3.139269            -0.498034             1.309429             0.863142
log(k(-1))                       0.200393             0.585003            -0.915020             0.952124            -0.249386             0.449779             0.449779
log(lambda(-1))                  1.378331             0.346168             4.371720             0.109293             0.669267             0.709064             0.709064
log(x(-1))                      -0.654070            -0.084932            -2.304634            -0.057616            -1.021985             0.367915             0.367915
eps_a                            1.450875             0.364387             4.601810             0.115045             0.704492             0.746383             0.746383


THEORETICAL MOMENTS (HP filter, lambda = 1600)
VARIABLE                  MEAN  STD. DEV.   VARIANCE
log(y)                  0.8114     0.0128     0.0002
log(c)                  0.5151     0.0039     0.0000
log(invest)            -0.5496     0.0404     0.0016
log(k)                  3.1393     0.0034     0.0000
log(h)                 -0.4980     0.0060     0.0000
log(productivity)       1.3094     0.0075     0.0001
log(w)                  0.8631     0.0075     0.0001



MATRIX OF CORRELATIONS (HP filter, lambda = 1600)
Variables                       log(y)             log(c)        log(invest)             log(k)             log(h)  log(productivity)             log(w)
log(y)                          1.0000             0.8727             0.9907             0.3625             0.9341             0.9582             0.9582
log(c)                          0.8727             1.0000             0.7982             0.7711             0.6461             0.9718             0.9718
log(invest)                     0.9907             0.7982             1.0000             0.2324             0.9726             0.9115             0.9115
log(k)                          0.3625             0.7711             0.2324             1.0000             0.0190             0.6036             0.6036
log(h)                          0.9341             0.6461             0.9726             0.0190             1.0000             0.7929             0.7929
log(productivity)               0.9582             0.9718             0.9115             0.6036             0.7929             1.0000             1.0000
log(w)                          0.9582             0.9718             0.9115             0.6036             0.7929             1.0000             1.0000



COEFFICIENTS OF AUTOCORRELATION (HP filter, lambda = 1600)
Order                      1        2        3        4        5
log(y)                0.6918   0.4406   0.2395   0.0823  -0.0370
log(c)                0.8095   0.6208   0.4420   0.2787   0.1344
log(invest)           0.6781   0.4196   0.2161   0.0598  -0.0565
log(k)                0.9540   0.8459   0.6995   0.5335   0.3623
log(h)                0.6347   0.3565   0.1493  -0.0004  -0.1040
log(productivity)     0.7761   0.5649   0.3733   0.2054   0.0633
log(w)                0.7761   0.5649   0.3733   0.2054   0.0633

MODEL SUMMARY

  Number of variables:         11
  Number of stochastic shocks: 1
  Number of state variables:   3
  Number of jumpers:           2
  Number of static variables:  6


MATRIX OF COVARIANCE OF EXOGENOUS SHOCKS
Variables       eps_a
eps_a        0.000049

POLICY AND TRANSITION FUNCTIONS
                                   log(y)               log(c)          log(invest)               log(h)    log(productivity)               log(w)
Constant                         0.811395             0.515139            -0.549610            -0.498034             1.309429             0.863142
log(k(-1))                       0.200393             0.585003            -0.915020            -0.249386             0.449779             0.449779
log(lambda(-1))                  1.378331             0.346168             4.371720             0.669267             0.709064             0.709064
log(x(-1))                      -0.654070            -0.084932            -2.304634            -1.021985             0.367915             0.367915
eps_a                            1.450875             0.364387             4.601810             0.704492             0.746383             0.746383


MOMENTS OF SIMULATED VARIABLES (HP filter, lambda = 1600)
VARIABLE                       MEAN       STD. DEV.        VARIANCE        SKEWNESS        KURTOSIS
log(y)                     0.787325        0.011874        0.000141        0.104541        0.097138
log(c)                     0.497488        0.003553        0.000013        0.222157       -0.401573
log(invest)               -0.592298        0.037569        0.001411        0.072315        0.205620
log(h)                    -0.500272        0.005675        0.000032       -0.004358        0.282366
log(productivity)          1.287596        0.006812        0.000046        0.200620       -0.171392
log(w)                     0.841309        0.006812        0.000046        0.200620       -0.171392


CORRELATION OF SIMULATED VARIABLES (HP filter, lambda = 1600)
VARIABLE                        y             c        invest             h  productivity             w
log(y)                     1.0000        0.8794        0.9914        0.9408        0.9593        0.9593
log(c)                     0.8794        1.0000        0.8097        0.6710        0.9739        0.9739
log(invest)                0.9914        0.8097        1.0000        0.9757        0.9154        0.9154
log(h)                     0.9408        0.6710        0.9757        1.0000        0.8069        0.8069
log(productivity)          0.9593        0.9739        0.9154        0.8069        1.0000        1.0000
log(w)                     0.9593        0.9739        0.9154        0.8069        1.0000        1.0000


AUTOCORRELATION OF SIMULATED VARIABLES (HP filter, lambda = 1600)
VARIABLE                   1        2        3        4        5
log(y)                0.6338   0.3071   0.0253  -0.0280  -0.1032
log(c)                0.7597   0.5121   0.2698   0.1596   0.0469
log(invest)           0.6192   0.2833  -0.0018  -0.0467  -0.1179
log(h)                0.5815   0.2241  -0.0688  -0.0921  -0.1498
log(productivity)     0.7194   0.4421   0.1825   0.0855  -0.0192
log(w)                0.7194   0.4421   0.1825   0.0855  -0.0192

Economy with non separable leisure       
                     	      std(x) 	   corr(y,x) 
output               	 1.26 (0.12) 	 1.00 (0.00) 
consumption          	 0.38 (0.04) 	 0.88 (0.01) 
investment           	 3.98 (0.36) 	 0.99 (0.00) 
hours                	 0.59 (0.05) 	 0.94 (0.01) 
Productivity         	 0.73 (0.08) 	 0.96 (0.00) 

Relative Standard Deviations             
                     	 std(x)/std(y) 
consumption          	 0.30 (0.01) 
investment           	 3.16 (0.02) 
hours                	 0.47 (0.01) 
Productivity         	 0.58 (0.02) 

Correlation of h and w, Relative Std of h and w 
Variable             	   corr(h,w) 	 std(h)/std(w) 
h, w                 	 0.80 (0.03) 	 0.81 (0.04) 
Total computing time : 0h00m17s
